Determining if the pthread_create exist failed with the following output:
Change Dir: /home/jeong/workspace/catkin_ws_ov/build/ov_data/CMakeFiles/CMakeTmp

Run Build Command:"/usr/bin/make" "cmTC_ac72d/fast"
/usr/bin/make -f CMakeFiles/cmTC_ac72d.dir/build.make CMakeFiles/cmTC_ac72d.dir/build
make[1]: Entering directory '/home/jeong/workspace/catkin_ws_ov/build/ov_data/CMakeFiles/CMakeTmp'
Building C object CMakeFiles/cmTC_ac72d.dir/CheckSymbolExists.c.o
/usr/bin/cc    -o CMakeFiles/cmTC_ac72d.dir/CheckSymbolExists.c.o   -c /home/jeong/workspace/catkin_ws_ov/build/ov_data/CMakeFiles/CMakeTmp/CheckSymbolExists.c
Linking C executable cmTC_ac72d
/usr/bin/cmake -E cmake_link_script CMakeFiles/cmTC_ac72d.dir/link.txt --verbose=1
/usr/bin/cc      -rdynamic CMakeFiles/cmTC_ac72d.dir/CheckSymbolExists.c.o  -o cmTC_ac72d 
CMakeFiles/cmTC_ac72d.dir/CheckSymbolExists.c.o: In function `main':
CheckSymbolExists.c:(.text+0x1b): undefined reference to `pthread_create'
collect2: error: ld returned 1 exit status
CMakeFiles/cmTC_ac72d.dir/build.make:97: recipe for target 'cmTC_ac72d' failed
make[1]: *** [cmTC_ac72d] Error 1
make[1]: Leaving directory '/home/jeong/workspace/catkin_ws_ov/build/ov_data/CMakeFiles/CMakeTmp'
Makefile:126: recipe for target 'cmTC_ac72d/fast' failed
make: *** [cmTC_ac72d/fast] Error 2

File /home/jeong/workspace/catkin_ws_ov/build/ov_data/CMakeFiles/CMakeTmp/CheckSymbolExists.c:
/* */
#include <pthread.h>

int main(int argc, char** argv)
{
  (void)argv;
#ifndef pthread_create
  return ((int*)(&pthread_create))[argc];
#else
  (void)argc;
  return 0;
#endif
}

Determining if the function pthread_create exists in the pthreads failed with the following output:
Change Dir: /home/jeong/workspace/catkin_ws_ov/build/ov_data/CMakeFiles/CMakeTmp

Run Build Command:"/usr/bin/make" "cmTC_09fbf/fast"
/usr/bin/make -f CMakeFiles/cmTC_09fbf.dir/build.make CMakeFiles/cmTC_09fbf.dir/build
make[1]: Entering directory '/home/jeong/workspace/catkin_ws_ov/build/ov_data/CMakeFiles/CMakeTmp'
Building C object CMakeFiles/cmTC_09fbf.dir/CheckFunctionExists.c.o
/usr/bin/cc   -DCHECK_FUNCTION_EXISTS=pthread_create   -o CMakeFiles/cmTC_09fbf.dir/CheckFunctionExists.c.o   -c /usr/share/cmake-3.10/Modules/CheckFunctionExists.c
Linking C executable cmTC_09fbf
/usr/bin/cmake -E cmake_link_script CMakeFiles/cmTC_09fbf.dir/link.txt --verbose=1
/usr/bin/cc  -DCHECK_FUNCTION_EXISTS=pthread_create    -rdynamic CMakeFiles/cmTC_09fbf.dir/CheckFunctionExists.c.o  -o cmTC_09fbf -lpthreads 
/usr/bin/ld: cannot find -lpthreads
collect2: error: ld returned 1 exit status
CMakeFiles/cmTC_09fbf.dir/build.make:97: recipe for target 'cmTC_09fbf' failed
make[1]: *** [cmTC_09fbf] Error 1
make[1]: Leaving directory '/home/jeong/workspace/catkin_ws_ov/build/ov_data/CMakeFiles/CMakeTmp'
Makefile:126: recipe for target 'cmTC_09fbf/fast' failed
make: *** [cmTC_09fbf/fast] Error 2


